2022-10-27 13:29:39 com\zoho\api\logger\SDKLogger INFO Initialization successful for Email Id : admin@techoft.com in Environment : https://www.zohoapis.com.
2022-10-27 13:29:41 com\zoho\api\logger\SDKLogger INFO Initialization successful for Email Id : admin@techoft.com in Environment : https://www.zohoapis.com.
2022-10-27 13:30:22 com\zoho\api\logger\SDKLogger INFO Initialization successful for Email Id : admin@techoft.com in Environment : https://www.zohoapis.com.
2022-10-27 14:15:46 com\zoho\api\logger\SDKLogger INFO Initialization successful for Email Id : admin@techoft.com in Environment : https://www.zohoapis.com.
2022-10-28 06:41:37 com\zoho\api\logger\SDKLogger INFO Initialization successful for Email Id : admin@techoft.com in Environment : https://www.zohoapis.com.
2022-10-28 06:54:59 com\zoho\api\logger\SDKLogger INFO Initialization successful for Email Id : admin@techoft.com in Environment : https://www.zohoapis.com.
2022-10-28 06:57:39 com\zoho\api\logger\SDKLogger INFO Initialization successful for Email Id : admin@techoft.com in Environment : https://www.zohoapis.com.
2022-10-28 07:43:52 com\zoho\api\logger\SDKLogger INFO Initialization successful for Email Id : admin@techoft.com in Environment : https://www.zohoapis.com.
2022-10-28 07:44:50 com\zoho\api\logger\SDKLogger INFO Initialization successful for Email Id : admin@techoft.com in Environment : https://www.zohoapis.com.
2022-10-28 07:45:49 com\zoho\api\logger\SDKLogger INFO Initialization successful for Email Id : admin@techoft.com in Environment : https://www.zohoapis.com.
2022-10-28 07:48:01 com\zoho\api\logger\SDKLogger INFO Initialization successful for Email Id : admin@techoft.com in Environment : https://www.zohoapis.com.
2022-10-28 07:49:31 com\zoho\api\logger\SDKLogger INFO Initialization successful for Email Id : admin@techoft.com in Environment : https://www.zohoapis.com.
2022-10-28 07:49:50 com\zoho\api\logger\SDKLogger INFO Initialization successful for Email Id : admin@techoft.com in Environment : https://www.zohoapis.com.
2022-10-28 07:49:51 com\zoho\api\logger\SDKLogger SEVERE Exception in authenticating current request :  com\zoho\crm\api\exception\SDKException Caused by : INVALID TOKEN ERROR - invalid_code
E:\zohocrm\blog\vendor\zohocrm\php-sdk-2.0\src\com\zoho\api\authenticator\OAuthToken.php- 377- invalid_code
#0 E:\zohocrm\blog\vendor\zohocrm\php-sdk-2.0\src\com\zoho\api\authenticator\OAuthToken.php(348): com\zoho\api\authenticator\OAuthToken->processResponse('HTTP/1.1 200 \r\n...')
#1 E:\zohocrm\blog\vendor\zohocrm\php-sdk-2.0\src\com\zoho\api\authenticator\OAuthToken.php(235): com\zoho\api\authenticator\OAuthToken->generateAccessToken(Object(com\zoho\crm\api\UserSignature), Object(com\zoho\api\authenticator\store\DBStore))
#2 E:\zohocrm\blog\vendor\zohocrm\php-sdk-2.0\src\com\zoho\crm\api\util\CommonAPIHandler.php(253): com\zoho\api\authenticator\OAuthToken->authenticate(Object(com\zoho\crm\api\util\APIHTTPConnector))
#3 E:\zohocrm\blog\vendor\zohocrm\php-sdk-2.0\src\com\zoho\crm\api\users\UsersOperations.php(32): com\zoho\crm\api\util\CommonAPIHandler->apiCall('com\\zoho\\crm\\ap...', 'application/jso...')
#4 E:\zohocrm\blog\app\Http\Controllers\UserController.php(185): com\zoho\crm\api\users\UsersOperations->getUsers(Object(com\zoho\crm\api\ParameterMap), Object(com\zoho\crm\api\HeaderMap))
#5 E:\zohocrm\blog\vendor\laravel\framework\src\Illuminate\Routing\Controller.php(54): App\Http\Controllers\UserController->initialize()
#6 E:\zohocrm\blog\vendor\laravel\framework\src\Illuminate\Routing\ControllerDispatcher.php(45): Illuminate\Routing\Controller->callAction('initialize', Array)
#7 E:\zohocrm\blog\vendor\laravel\framework\src\Illuminate\Routing\Route.php(239): Illuminate\Routing\ControllerDispatcher->dispatch(Object(Illuminate\Routing\Route), Object(App\Http\Controllers\UserController), 'initialize')
#8 E:\zohocrm\blog\vendor\laravel\framework\src\Illuminate\Routing\Route.php(196): Illuminate\Routing\Route->runController()
#9 E:\zohocrm\blog\vendor\laravel\framework\src\Illuminate\Routing\Router.php(685): Illuminate\Routing\Route->run()
#10 E:\zohocrm\blog\vendor\laravel\framework\src\Illuminate\Pipeline\Pipeline.php(128): Illuminate\Routing\Router->Illuminate\Routing\{closure}(Object(Illuminate\Http\Request))
#11 E:\zohocrm\blog\vendor\laravel\framework\src\Illuminate\Routing\Middleware\SubstituteBindings.php(41): Illuminate\Pipeline\Pipeline->Illuminate\Pipeline\{closure}(Object(Illuminate\Http\Request))
#12 E:\zohocrm\blog\vendor\laravel\framework\src\Illuminate\Pipeline\Pipeline.php(167): Illuminate\Routing\Middleware\SubstituteBindings->handle(Object(Illuminate\Http\Request), Object(Closure))
#13 E:\zohocrm\blog\vendor\laravel\framework\src\Illuminate\Foundation\Http\Middleware\VerifyCsrfToken.php(78): Illuminate\Pipeline\Pipeline->Illuminate\Pipeline\{closure}(Object(Illuminate\Http\Request))
#14 E:\zohocrm\blog\vendor\laravel\framework\src\Illuminate\Pipeline\Pipeline.php(167): Illuminate\Foundation\Http\Middleware\VerifyCsrfToken->handle(Object(Illuminate\Http\Request), Object(Closure))
#15 E:\zohocrm\blog\vendor\laravel\framework\src\Illuminate\View\Middleware\ShareErrorsFromSession.php(49): Illuminate\Pipeline\Pipeline->Illuminate\Pipeline\{closure}(Object(Illuminate\Http\Request))
#16 E:\zohocrm\blog\vendor\laravel\framework\src\Illuminate\Pipeline\Pipeline.php(167): Illuminate\View\Middleware\ShareErrorsFromSession->handle(Object(Illuminate\Http\Request), Object(Closure))
#17 E:\zohocrm\blog\vendor\laravel\framework\src\Illuminate\Session\Middleware\StartSession.php(116): Illuminate\Pipeline\Pipeline->Illuminate\Pipeline\{closure}(Object(Illuminate\Http\Request))
#18 E:\zohocrm\blog\vendor\laravel\framework\src\Illuminate\Session\Middleware\StartSession.php(62): Illuminate\Session\Middleware\StartSession->handleStatefulRequest(Object(Illuminate\Http\Request), Object(Illuminate\Session\Store), Object(Closure))
#19 E:\zohocrm\blog\vendor\laravel\framework\src\Illuminate\Pipeline\Pipeline.php(167): Illuminate\Session\Middleware\StartSession->handle(Object(Illuminate\Http\Request), Object(Closure))
#20 E:\zohocrm\blog\vendor\laravel\framework\src\Illuminate\Cookie\Middleware\AddQueuedCookiesToResponse.php(37): Illuminate\Pipeline\Pipeline->Illuminate\Pipeline\{closure}(Object(Illuminate\Http\Request))
#21 E:\zohocrm\blog\vendor\laravel\framework\src\Illuminate\Pipeline\Pipeline.php(167): Illuminate\Cookie\Middleware\AddQueuedCookiesToResponse->handle(Object(Illuminate\Http\Request), Object(Closure))
#22 E:\zohocrm\blog\vendor\laravel\framework\src\Illuminate\Cookie\Middleware\EncryptCookies.php(67): Illuminate\Pipeline\Pipeline->Illuminate\Pipeline\{closure}(Object(Illuminate\Http\Request))
#23 E:\zohocrm\blog\vendor\laravel\framework\src\Illuminate\Pipeline\Pipeline.php(167): Illuminate\Cookie\Middleware\EncryptCookies->handle(Object(Illuminate\Http\Request), Object(Closure))
#24 E:\zohocrm\blog\vendor\laravel\framework\src\Illuminate\Pipeline\Pipeline.php(103): Illuminate\Pipeline\Pipeline->Illuminate\Pipeline\{closure}(Object(Illuminate\Http\Request))
#25 E:\zohocrm\blog\vendor\laravel\framework\src\Illuminate\Routing\Router.php(687): Illuminate\Pipeline\Pipeline->then(Object(Closure))
#26 E:\zohocrm\blog\vendor\laravel\framework\src\Illuminate\Routing\Router.php(662): Illuminate\Routing\Router->runRouteWithinStack(Object(Illuminate\Routing\Route), Object(Illuminate\Http\Request))
#27 E:\zohocrm\blog\vendor\laravel\framework\src\Illuminate\Routing\Router.php(628): Illuminate\Routing\Router->runRoute(Object(Illuminate\Http\Request), Object(Illuminate\Routing\Route))
#28 E:\zohocrm\blog\vendor\laravel\framework\src\Illuminate\Routing\Router.php(617): Illuminate\Routing\Router->dispatchToRoute(Object(Illuminate\Http\Request))
#29 E:\zohocrm\blog\vendor\laravel\framework\src\Illuminate\Foundation\Http\Kernel.php(165): Illuminate\Routing\Router->dispatch(Object(Illuminate\Http\Request))
#30 E:\zohocrm\blog\vendor\laravel\framework\src\Illuminate\Pipeline\Pipeline.php(128): Illuminate\Foundation\Http\Kernel->Illuminate\Foundation\Http\{closure}(Object(Illuminate\Http\Request))
#31 E:\zohocrm\blog\vendor\laravel\framework\src\Illuminate\Foundation\Http\Middleware\TransformsRequest.php(21): Illuminate\Pipeline\Pipeline->Illuminate\Pipeline\{closure}(Object(Illuminate\Http\Request))
#32 E:\zohocrm\blog\vendor\laravel\framework\src\Illuminate\Pipeline\Pipeline.php(167): Illuminate\Foundation\Http\Middleware\TransformsRequest->handle(Object(Illuminate\Http\Request), Object(Closure))
#33 E:\zohocrm\blog\vendor\laravel\framework\src\Illuminate\Foundation\Http\Middleware\TransformsRequest.php(21): Illuminate\Pipeline\Pipeline->Illuminate\Pipeline\{closure}(Object(Illuminate\Http\Request))
#34 E:\zohocrm\blog\vendor\laravel\framework\src\Illuminate\Pipeline\Pipeline.php(167): Illuminate\Foundation\Http\Middleware\TransformsRequest->handle(Object(Illuminate\Http\Request), Object(Closure))
#35 E:\zohocrm\blog\vendor\laravel\framework\src\Illuminate\Foundation\Http\Middleware\ValidatePostSize.php(27): Illuminate\Pipeline\Pipeline->Illuminate\Pipeline\{closure}(Object(Illuminate\Http\Request))
#36 E:\zohocrm\blog\vendor\laravel\framework\src\Illuminate\Pipeline\Pipeline.php(167): Illuminate\Foundation\Http\Middleware\ValidatePostSize->handle(Object(Illuminate\Http\Request), Object(Closure))
#37 E:\zohocrm\blog\vendor\laravel\framework\src\Illuminate\Foundation\Http\Middleware\CheckForMaintenanceMode.php(63): Illuminate\Pipeline\Pipeline->Illuminate\Pipeline\{closure}(Object(Illuminate\Http\Request))
#38 E:\zohocrm\blog\vendor\laravel\framework\src\Illuminate\Pipeline\Pipeline.php(167): Illuminate\Foundation\Http\Middleware\CheckForMaintenanceMode->handle(Object(Illuminate\Http\Request), Object(Closure))
#39 E:\zohocrm\blog\vendor\fruitcake\laravel-cors\src\HandleCors.php(37): Illuminate\Pipeline\Pipeline->Illuminate\Pipeline\{closure}(Object(Illuminate\Http\Request))
#40 E:\zohocrm\blog\vendor\laravel\framework\src\Illuminate\Pipeline\Pipeline.php(167): Fruitcake\Cors\HandleCors->handle(Object(Illuminate\Http\Request), Object(Closure))
#41 E:\zohocrm\blog\vendor\fideloper\proxy\src\TrustProxies.php(57): Illuminate\Pipeline\Pipeline->Illuminate\Pipeline\{closure}(Object(Illuminate\Http\Request))
#42 E:\zohocrm\blog\vendor\laravel\framework\src\Illuminate\Pipeline\Pipeline.php(167): Fideloper\Proxy\TrustProxies->handle(Object(Illuminate\Http\Request), Object(Closure))
#43 E:\zohocrm\blog\vendor\laravel\framework\src\Illuminate\Pipeline\Pipeline.php(103): Illuminate\Pipeline\Pipeline->Illuminate\Pipeline\{closure}(Object(Illuminate\Http\Request))
#44 E:\zohocrm\blog\vendor\laravel\framework\src\Illuminate\Foundation\Http\Kernel.php(140): Illuminate\Pipeline\Pipeline->then(Object(Closure))
#45 E:\zohocrm\blog\vendor\laravel\framework\src\Illuminate\Foundation\Http\Kernel.php(109): Illuminate\Foundation\Http\Kernel->sendRequestThroughRouter(Object(Illuminate\Http\Request))
#46 E:\zohocrm\blog\public\index.php(55): Illuminate\Foundation\Http\Kernel->handle(Object(Illuminate\Http\Request))
#47 E:\zohocrm\blog\server.php(21): require_once('E:\\zohocrm\\blog...')
#48 {main}
2022-10-28 07:50:43 com\zoho\api\logger\SDKLogger INFO Initialization successful for Email Id : admin@techoft.com in Environment : https://www.zohoapis.com.
2022-10-28 07:50:44 com\zoho\api\logger\SDKLogger INFO GET - URL = https://www.zohoapis.com/crm/v2/users?type=ActiveUsers&page=1&per_page=1 , headers = {"If-Modified-Since":"2020-07-15T12:28:47+00:00","Authorization":" ## can't disclose ## ","X-ZOHO-SDK":"Windows NT\/10.0\/php-2.0\/7.4.28:4.0.0"} , PARAMS = {"type":"ActiveUsers","page":1,"per_page":1}.
2022-10-28 07:51:42 com\zoho\api\logger\SDKLogger INFO Initialization successful for Email Id : admin@techoft.com in Environment : https://www.zohoapis.com.
2022-10-28 07:51:42 com\zoho\api\logger\SDKLogger INFO GET - URL = https://www.zohoapis.com/crm/v2/users?type=ActiveUsers&page=1&per_page=1 , headers = {"If-Modified-Since":"2020-07-15T12:28:47+00:00","Authorization":" ## can't disclose ## ","X-ZOHO-SDK":"Windows NT\/10.0\/php-2.0\/7.4.28:4.0.0"} , PARAMS = {"type":"ActiveUsers","page":1,"per_page":1}.
2022-10-28 10:38:11 com\zoho\api\logger\SDKLogger INFO Initialization successful for Email Id : admin@techoft.com in Environment : https://www.zohoapis.com.
2022-10-28 10:38:12 com\zoho\api\logger\SDKLogger SEVERE Exception in authenticating current request :  com\zoho\crm\api\exception\SDKException Caused by : INVALID TOKEN ERROR - invalid_code
E:\zohocrm\blog\vendor\zohocrm\php-sdk-2.0\src\com\zoho\api\authenticator\OAuthToken.php- 377- invalid_code
#0 E:\zohocrm\blog\vendor\zohocrm\php-sdk-2.0\src\com\zoho\api\authenticator\OAuthToken.php(348): com\zoho\api\authenticator\OAuthToken->processResponse('HTTP/1.1 200 \r\n...')
#1 E:\zohocrm\blog\vendor\zohocrm\php-sdk-2.0\src\com\zoho\api\authenticator\OAuthToken.php(235): com\zoho\api\authenticator\OAuthToken->generateAccessToken(Object(com\zoho\crm\api\UserSignature), Object(com\zoho\api\authenticator\store\DBStore))
#2 E:\zohocrm\blog\vendor\zohocrm\php-sdk-2.0\src\com\zoho\crm\api\util\CommonAPIHandler.php(253): com\zoho\api\authenticator\OAuthToken->authenticate(Object(com\zoho\crm\api\util\APIHTTPConnector))
#3 E:\zohocrm\blog\vendor\zohocrm\php-sdk-2.0\src\com\zoho\crm\api\users\UsersOperations.php(32): com\zoho\crm\api\util\CommonAPIHandler->apiCall('com\\zoho\\crm\\ap...', 'application/jso...')
#4 E:\zohocrm\blog\app\Http\Controllers\UserController.php(185): com\zoho\crm\api\users\UsersOperations->getUsers(Object(com\zoho\crm\api\ParameterMap), Object(com\zoho\crm\api\HeaderMap))
#5 E:\zohocrm\blog\vendor\laravel\framework\src\Illuminate\Routing\Controller.php(54): App\Http\Controllers\UserController->initialize()
#6 E:\zohocrm\blog\vendor\laravel\framework\src\Illuminate\Routing\ControllerDispatcher.php(45): Illuminate\Routing\Controller->callAction('initialize', Array)
#7 E:\zohocrm\blog\vendor\laravel\framework\src\Illuminate\Routing\Route.php(239): Illuminate\Routing\ControllerDispatcher->dispatch(Object(Illuminate\Routing\Route), Object(App\Http\Controllers\UserController), 'initialize')
#8 E:\zohocrm\blog\vendor\laravel\framework\src\Illuminate\Routing\Route.php(196): Illuminate\Routing\Route->runController()
#9 E:\zohocrm\blog\vendor\laravel\framework\src\Illuminate\Routing\Router.php(685): Illuminate\Routing\Route->run()
#10 E:\zohocrm\blog\vendor\laravel\framework\src\Illuminate\Pipeline\Pipeline.php(128): Illuminate\Routing\Router->Illuminate\Routing\{closure}(Object(Illuminate\Http\Request))
#11 E:\zohocrm\blog\vendor\laravel\framework\src\Illuminate\Routing\Middleware\SubstituteBindings.php(41): Illuminate\Pipeline\Pipeline->Illuminate\Pipeline\{closure}(Object(Illuminate\Http\Request))
#12 E:\zohocrm\blog\vendor\laravel\framework\src\Illuminate\Pipeline\Pipeline.php(167): Illuminate\Routing\Middleware\SubstituteBindings->handle(Object(Illuminate\Http\Request), Object(Closure))
#13 E:\zohocrm\blog\vendor\laravel\framework\src\Illuminate\Foundation\Http\Middleware\VerifyCsrfToken.php(78): Illuminate\Pipeline\Pipeline->Illuminate\Pipeline\{closure}(Object(Illuminate\Http\Request))
#14 E:\zohocrm\blog\vendor\laravel\framework\src\Illuminate\Pipeline\Pipeline.php(167): Illuminate\Foundation\Http\Middleware\VerifyCsrfToken->handle(Object(Illuminate\Http\Request), Object(Closure))
#15 E:\zohocrm\blog\vendor\laravel\framework\src\Illuminate\View\Middleware\ShareErrorsFromSession.php(49): Illuminate\Pipeline\Pipeline->Illuminate\Pipeline\{closure}(Object(Illuminate\Http\Request))
#16 E:\zohocrm\blog\vendor\laravel\framework\src\Illuminate\Pipeline\Pipeline.php(167): Illuminate\View\Middleware\ShareErrorsFromSession->handle(Object(Illuminate\Http\Request), Object(Closure))
#17 E:\zohocrm\blog\vendor\laravel\framework\src\Illuminate\Session\Middleware\StartSession.php(116): Illuminate\Pipeline\Pipeline->Illuminate\Pipeline\{closure}(Object(Illuminate\Http\Request))
#18 E:\zohocrm\blog\vendor\laravel\framework\src\Illuminate\Session\Middleware\StartSession.php(62): Illuminate\Session\Middleware\StartSession->handleStatefulRequest(Object(Illuminate\Http\Request), Object(Illuminate\Session\Store), Object(Closure))
#19 E:\zohocrm\blog\vendor\laravel\framework\src\Illuminate\Pipeline\Pipeline.php(167): Illuminate\Session\Middleware\StartSession->handle(Object(Illuminate\Http\Request), Object(Closure))
#20 E:\zohocrm\blog\vendor\laravel\framework\src\Illuminate\Cookie\Middleware\AddQueuedCookiesToResponse.php(37): Illuminate\Pipeline\Pipeline->Illuminate\Pipeline\{closure}(Object(Illuminate\Http\Request))
#21 E:\zohocrm\blog\vendor\laravel\framework\src\Illuminate\Pipeline\Pipeline.php(167): Illuminate\Cookie\Middleware\AddQueuedCookiesToResponse->handle(Object(Illuminate\Http\Request), Object(Closure))
#22 E:\zohocrm\blog\vendor\laravel\framework\src\Illuminate\Cookie\Middleware\EncryptCookies.php(67): Illuminate\Pipeline\Pipeline->Illuminate\Pipeline\{closure}(Object(Illuminate\Http\Request))
#23 E:\zohocrm\blog\vendor\laravel\framework\src\Illuminate\Pipeline\Pipeline.php(167): Illuminate\Cookie\Middleware\EncryptCookies->handle(Object(Illuminate\Http\Request), Object(Closure))
#24 E:\zohocrm\blog\vendor\laravel\framework\src\Illuminate\Pipeline\Pipeline.php(103): Illuminate\Pipeline\Pipeline->Illuminate\Pipeline\{closure}(Object(Illuminate\Http\Request))
#25 E:\zohocrm\blog\vendor\laravel\framework\src\Illuminate\Routing\Router.php(687): Illuminate\Pipeline\Pipeline->then(Object(Closure))
#26 E:\zohocrm\blog\vendor\laravel\framework\src\Illuminate\Routing\Router.php(662): Illuminate\Routing\Router->runRouteWithinStack(Object(Illuminate\Routing\Route), Object(Illuminate\Http\Request))
#27 E:\zohocrm\blog\vendor\laravel\framework\src\Illuminate\Routing\Router.php(628): Illuminate\Routing\Router->runRoute(Object(Illuminate\Http\Request), Object(Illuminate\Routing\Route))
#28 E:\zohocrm\blog\vendor\laravel\framework\src\Illuminate\Routing\Router.php(617): Illuminate\Routing\Router->dispatchToRoute(Object(Illuminate\Http\Request))
#29 E:\zohocrm\blog\vendor\laravel\framework\src\Illuminate\Foundation\Http\Kernel.php(165): Illuminate\Routing\Router->dispatch(Object(Illuminate\Http\Request))
#30 E:\zohocrm\blog\vendor\laravel\framework\src\Illuminate\Pipeline\Pipeline.php(128): Illuminate\Foundation\Http\Kernel->Illuminate\Foundation\Http\{closure}(Object(Illuminate\Http\Request))
#31 E:\zohocrm\blog\vendor\laravel\framework\src\Illuminate\Foundation\Http\Middleware\TransformsRequest.php(21): Illuminate\Pipeline\Pipeline->Illuminate\Pipeline\{closure}(Object(Illuminate\Http\Request))
#32 E:\zohocrm\blog\vendor\laravel\framework\src\Illuminate\Pipeline\Pipeline.php(167): Illuminate\Foundation\Http\Middleware\TransformsRequest->handle(Object(Illuminate\Http\Request), Object(Closure))
#33 E:\zohocrm\blog\vendor\laravel\framework\src\Illuminate\Foundation\Http\Middleware\TransformsRequest.php(21): Illuminate\Pipeline\Pipeline->Illuminate\Pipeline\{closure}(Object(Illuminate\Http\Request))
#34 E:\zohocrm\blog\vendor\laravel\framework\src\Illuminate\Pipeline\Pipeline.php(167): Illuminate\Foundation\Http\Middleware\TransformsRequest->handle(Object(Illuminate\Http\Request), Object(Closure))
#35 E:\zohocrm\blog\vendor\laravel\framework\src\Illuminate\Foundation\Http\Middleware\ValidatePostSize.php(27): Illuminate\Pipeline\Pipeline->Illuminate\Pipeline\{closure}(Object(Illuminate\Http\Request))
#36 E:\zohocrm\blog\vendor\laravel\framework\src\Illuminate\Pipeline\Pipeline.php(167): Illuminate\Foundation\Http\Middleware\ValidatePostSize->handle(Object(Illuminate\Http\Request), Object(Closure))
#37 E:\zohocrm\blog\vendor\laravel\framework\src\Illuminate\Foundation\Http\Middleware\CheckForMaintenanceMode.php(63): Illuminate\Pipeline\Pipeline->Illuminate\Pipeline\{closure}(Object(Illuminate\Http\Request))
#38 E:\zohocrm\blog\vendor\laravel\framework\src\Illuminate\Pipeline\Pipeline.php(167): Illuminate\Foundation\Http\Middleware\CheckForMaintenanceMode->handle(Object(Illuminate\Http\Request), Object(Closure))
#39 E:\zohocrm\blog\vendor\fruitcake\laravel-cors\src\HandleCors.php(37): Illuminate\Pipeline\Pipeline->Illuminate\Pipeline\{closure}(Object(Illuminate\Http\Request))
#40 E:\zohocrm\blog\vendor\laravel\framework\src\Illuminate\Pipeline\Pipeline.php(167): Fruitcake\Cors\HandleCors->handle(Object(Illuminate\Http\Request), Object(Closure))
#41 E:\zohocrm\blog\vendor\fideloper\proxy\src\TrustProxies.php(57): Illuminate\Pipeline\Pipeline->Illuminate\Pipeline\{closure}(Object(Illuminate\Http\Request))
#42 E:\zohocrm\blog\vendor\laravel\framework\src\Illuminate\Pipeline\Pipeline.php(167): Fideloper\Proxy\TrustProxies->handle(Object(Illuminate\Http\Request), Object(Closure))
#43 E:\zohocrm\blog\vendor\laravel\framework\src\Illuminate\Pipeline\Pipeline.php(103): Illuminate\Pipeline\Pipeline->Illuminate\Pipeline\{closure}(Object(Illuminate\Http\Request))
#44 E:\zohocrm\blog\vendor\laravel\framework\src\Illuminate\Foundation\Http\Kernel.php(140): Illuminate\Pipeline\Pipeline->then(Object(Closure))
#45 E:\zohocrm\blog\vendor\laravel\framework\src\Illuminate\Foundation\Http\Kernel.php(109): Illuminate\Foundation\Http\Kernel->sendRequestThroughRouter(Object(Illuminate\Http\Request))
#46 E:\zohocrm\blog\public\index.php(55): Illuminate\Foundation\Http\Kernel->handle(Object(Illuminate\Http\Request))
#47 E:\zohocrm\blog\server.php(21): require_once('E:\\zohocrm\\blog...')
#48 {main}
2022-10-28 10:41:08 com\zoho\api\logger\SDKLogger INFO Initialization successful for Email Id : admin@techoft.com in Environment : https://www.zohoapis.com.
2022-10-28 10:41:09 com\zoho\api\logger\SDKLogger SEVERE Exception in authenticating current request :  com\zoho\crm\api\exception\SDKException Caused by : INVALID TOKEN ERROR - invalid_code
E:\zohocrm\blog\vendor\zohocrm\php-sdk-2.0\src\com\zoho\api\authenticator\OAuthToken.php- 377- invalid_code
#0 E:\zohocrm\blog\vendor\zohocrm\php-sdk-2.0\src\com\zoho\api\authenticator\OAuthToken.php(348): com\zoho\api\authenticator\OAuthToken->processResponse('HTTP/1.1 200 \r\n...')
#1 E:\zohocrm\blog\vendor\zohocrm\php-sdk-2.0\src\com\zoho\api\authenticator\OAuthToken.php(235): com\zoho\api\authenticator\OAuthToken->generateAccessToken(Object(com\zoho\crm\api\UserSignature), Object(com\zoho\api\authenticator\store\DBStore))
#2 E:\zohocrm\blog\vendor\zohocrm\php-sdk-2.0\src\com\zoho\crm\api\util\CommonAPIHandler.php(253): com\zoho\api\authenticator\OAuthToken->authenticate(Object(com\zoho\crm\api\util\APIHTTPConnector))
#3 E:\zohocrm\blog\vendor\zohocrm\php-sdk-2.0\src\com\zoho\crm\api\users\UsersOperations.php(32): com\zoho\crm\api\util\CommonAPIHandler->apiCall('com\\zoho\\crm\\ap...', 'application/jso...')
#4 E:\zohocrm\blog\app\Http\Controllers\UserController.php(185): com\zoho\crm\api\users\UsersOperations->getUsers(Object(com\zoho\crm\api\ParameterMap), Object(com\zoho\crm\api\HeaderMap))
#5 E:\zohocrm\blog\vendor\laravel\framework\src\Illuminate\Routing\Controller.php(54): App\Http\Controllers\UserController->initialize()
#6 E:\zohocrm\blog\vendor\laravel\framework\src\Illuminate\Routing\ControllerDispatcher.php(45): Illuminate\Routing\Controller->callAction('initialize', Array)
#7 E:\zohocrm\blog\vendor\laravel\framework\src\Illuminate\Routing\Route.php(239): Illuminate\Routing\ControllerDispatcher->dispatch(Object(Illuminate\Routing\Route), Object(App\Http\Controllers\UserController), 'initialize')
#8 E:\zohocrm\blog\vendor\laravel\framework\src\Illuminate\Routing\Route.php(196): Illuminate\Routing\Route->runController()
#9 E:\zohocrm\blog\vendor\laravel\framework\src\Illuminate\Routing\Router.php(685): Illuminate\Routing\Route->run()
#10 E:\zohocrm\blog\vendor\laravel\framework\src\Illuminate\Pipeline\Pipeline.php(128): Illuminate\Routing\Router->Illuminate\Routing\{closure}(Object(Illuminate\Http\Request))
#11 E:\zohocrm\blog\vendor\laravel\framework\src\Illuminate\Routing\Middleware\SubstituteBindings.php(41): Illuminate\Pipeline\Pipeline->Illuminate\Pipeline\{closure}(Object(Illuminate\Http\Request))
#12 E:\zohocrm\blog\vendor\laravel\framework\src\Illuminate\Pipeline\Pipeline.php(167): Illuminate\Routing\Middleware\SubstituteBindings->handle(Object(Illuminate\Http\Request), Object(Closure))
#13 E:\zohocrm\blog\vendor\laravel\framework\src\Illuminate\Foundation\Http\Middleware\VerifyCsrfToken.php(78): Illuminate\Pipeline\Pipeline->Illuminate\Pipeline\{closure}(Object(Illuminate\Http\Request))
#14 E:\zohocrm\blog\vendor\laravel\framework\src\Illuminate\Pipeline\Pipeline.php(167): Illuminate\Foundation\Http\Middleware\VerifyCsrfToken->handle(Object(Illuminate\Http\Request), Object(Closure))
#15 E:\zohocrm\blog\vendor\laravel\framework\src\Illuminate\View\Middleware\ShareErrorsFromSession.php(49): Illuminate\Pipeline\Pipeline->Illuminate\Pipeline\{closure}(Object(Illuminate\Http\Request))
#16 E:\zohocrm\blog\vendor\laravel\framework\src\Illuminate\Pipeline\Pipeline.php(167): Illuminate\View\Middleware\ShareErrorsFromSession->handle(Object(Illuminate\Http\Request), Object(Closure))
#17 E:\zohocrm\blog\vendor\laravel\framework\src\Illuminate\Session\Middleware\StartSession.php(116): Illuminate\Pipeline\Pipeline->Illuminate\Pipeline\{closure}(Object(Illuminate\Http\Request))
#18 E:\zohocrm\blog\vendor\laravel\framework\src\Illuminate\Session\Middleware\StartSession.php(62): Illuminate\Session\Middleware\StartSession->handleStatefulRequest(Object(Illuminate\Http\Request), Object(Illuminate\Session\Store), Object(Closure))
#19 E:\zohocrm\blog\vendor\laravel\framework\src\Illuminate\Pipeline\Pipeline.php(167): Illuminate\Session\Middleware\StartSession->handle(Object(Illuminate\Http\Request), Object(Closure))
#20 E:\zohocrm\blog\vendor\laravel\framework\src\Illuminate\Cookie\Middleware\AddQueuedCookiesToResponse.php(37): Illuminate\Pipeline\Pipeline->Illuminate\Pipeline\{closure}(Object(Illuminate\Http\Request))
#21 E:\zohocrm\blog\vendor\laravel\framework\src\Illuminate\Pipeline\Pipeline.php(167): Illuminate\Cookie\Middleware\AddQueuedCookiesToResponse->handle(Object(Illuminate\Http\Request), Object(Closure))
#22 E:\zohocrm\blog\vendor\laravel\framework\src\Illuminate\Cookie\Middleware\EncryptCookies.php(67): Illuminate\Pipeline\Pipeline->Illuminate\Pipeline\{closure}(Object(Illuminate\Http\Request))
#23 E:\zohocrm\blog\vendor\laravel\framework\src\Illuminate\Pipeline\Pipeline.php(167): Illuminate\Cookie\Middleware\EncryptCookies->handle(Object(Illuminate\Http\Request), Object(Closure))
#24 E:\zohocrm\blog\vendor\laravel\framework\src\Illuminate\Pipeline\Pipeline.php(103): Illuminate\Pipeline\Pipeline->Illuminate\Pipeline\{closure}(Object(Illuminate\Http\Request))
#25 E:\zohocrm\blog\vendor\laravel\framework\src\Illuminate\Routing\Router.php(687): Illuminate\Pipeline\Pipeline->then(Object(Closure))
#26 E:\zohocrm\blog\vendor\laravel\framework\src\Illuminate\Routing\Router.php(662): Illuminate\Routing\Router->runRouteWithinStack(Object(Illuminate\Routing\Route), Object(Illuminate\Http\Request))
#27 E:\zohocrm\blog\vendor\laravel\framework\src\Illuminate\Routing\Router.php(628): Illuminate\Routing\Router->runRoute(Object(Illuminate\Http\Request), Object(Illuminate\Routing\Route))
#28 E:\zohocrm\blog\vendor\laravel\framework\src\Illuminate\Routing\Router.php(617): Illuminate\Routing\Router->dispatchToRoute(Object(Illuminate\Http\Request))
#29 E:\zohocrm\blog\vendor\laravel\framework\src\Illuminate\Foundation\Http\Kernel.php(165): Illuminate\Routing\Router->dispatch(Object(Illuminate\Http\Request))
#30 E:\zohocrm\blog\vendor\laravel\framework\src\Illuminate\Pipeline\Pipeline.php(128): Illuminate\Foundation\Http\Kernel->Illuminate\Foundation\Http\{closure}(Object(Illuminate\Http\Request))
#31 E:\zohocrm\blog\vendor\laravel\framework\src\Illuminate\Foundation\Http\Middleware\TransformsRequest.php(21): Illuminate\Pipeline\Pipeline->Illuminate\Pipeline\{closure}(Object(Illuminate\Http\Request))
#32 E:\zohocrm\blog\vendor\laravel\framework\src\Illuminate\Pipeline\Pipeline.php(167): Illuminate\Foundation\Http\Middleware\TransformsRequest->handle(Object(Illuminate\Http\Request), Object(Closure))
#33 E:\zohocrm\blog\vendor\laravel\framework\src\Illuminate\Foundation\Http\Middleware\TransformsRequest.php(21): Illuminate\Pipeline\Pipeline->Illuminate\Pipeline\{closure}(Object(Illuminate\Http\Request))
#34 E:\zohocrm\blog\vendor\laravel\framework\src\Illuminate\Pipeline\Pipeline.php(167): Illuminate\Foundation\Http\Middleware\TransformsRequest->handle(Object(Illuminate\Http\Request), Object(Closure))
#35 E:\zohocrm\blog\vendor\laravel\framework\src\Illuminate\Foundation\Http\Middleware\ValidatePostSize.php(27): Illuminate\Pipeline\Pipeline->Illuminate\Pipeline\{closure}(Object(Illuminate\Http\Request))
#36 E:\zohocrm\blog\vendor\laravel\framework\src\Illuminate\Pipeline\Pipeline.php(167): Illuminate\Foundation\Http\Middleware\ValidatePostSize->handle(Object(Illuminate\Http\Request), Object(Closure))
#37 E:\zohocrm\blog\vendor\laravel\framework\src\Illuminate\Foundation\Http\Middleware\CheckForMaintenanceMode.php(63): Illuminate\Pipeline\Pipeline->Illuminate\Pipeline\{closure}(Object(Illuminate\Http\Request))
#38 E:\zohocrm\blog\vendor\laravel\framework\src\Illuminate\Pipeline\Pipeline.php(167): Illuminate\Foundation\Http\Middleware\CheckForMaintenanceMode->handle(Object(Illuminate\Http\Request), Object(Closure))
#39 E:\zohocrm\blog\vendor\fruitcake\laravel-cors\src\HandleCors.php(37): Illuminate\Pipeline\Pipeline->Illuminate\Pipeline\{closure}(Object(Illuminate\Http\Request))
#40 E:\zohocrm\blog\vendor\laravel\framework\src\Illuminate\Pipeline\Pipeline.php(167): Fruitcake\Cors\HandleCors->handle(Object(Illuminate\Http\Request), Object(Closure))
#41 E:\zohocrm\blog\vendor\fideloper\proxy\src\TrustProxies.php(57): Illuminate\Pipeline\Pipeline->Illuminate\Pipeline\{closure}(Object(Illuminate\Http\Request))
#42 E:\zohocrm\blog\vendor\laravel\framework\src\Illuminate\Pipeline\Pipeline.php(167): Fideloper\Proxy\TrustProxies->handle(Object(Illuminate\Http\Request), Object(Closure))
#43 E:\zohocrm\blog\vendor\laravel\framework\src\Illuminate\Pipeline\Pipeline.php(103): Illuminate\Pipeline\Pipeline->Illuminate\Pipeline\{closure}(Object(Illuminate\Http\Request))
#44 E:\zohocrm\blog\vendor\laravel\framework\src\Illuminate\Foundation\Http\Kernel.php(140): Illuminate\Pipeline\Pipeline->then(Object(Closure))
#45 E:\zohocrm\blog\vendor\laravel\framework\src\Illuminate\Foundation\Http\Kernel.php(109): Illuminate\Foundation\Http\Kernel->sendRequestThroughRouter(Object(Illuminate\Http\Request))
#46 E:\zohocrm\blog\public\index.php(55): Illuminate\Foundation\Http\Kernel->handle(Object(Illuminate\Http\Request))
#47 E:\zohocrm\blog\server.php(21): require_once('E:\\zohocrm\\blog...')
#48 {main}
2022-10-28 10:41:34 com\zoho\api\logger\SDKLogger INFO Initialization successful for Email Id : admin@techoft.com in Environment : https://www.zohoapis.com.
2022-10-28 10:41:35 com\zoho\api\logger\SDKLogger SEVERE Exception in authenticating current request :  com\zoho\crm\api\exception\SDKException Caused by : INVALID TOKEN ERROR - invalid_code
E:\zohocrm\blog\vendor\zohocrm\php-sdk-2.0\src\com\zoho\api\authenticator\OAuthToken.php- 377- invalid_code
#0 E:\zohocrm\blog\vendor\zohocrm\php-sdk-2.0\src\com\zoho\api\authenticator\OAuthToken.php(348): com\zoho\api\authenticator\OAuthToken->processResponse('HTTP/1.1 200 \r\n...')
#1 E:\zohocrm\blog\vendor\zohocrm\php-sdk-2.0\src\com\zoho\api\authenticator\OAuthToken.php(235): com\zoho\api\authenticator\OAuthToken->generateAccessToken(Object(com\zoho\crm\api\UserSignature), Object(com\zoho\api\authenticator\store\DBStore))
#2 E:\zohocrm\blog\vendor\zohocrm\php-sdk-2.0\src\com\zoho\crm\api\util\CommonAPIHandler.php(253): com\zoho\api\authenticator\OAuthToken->authenticate(Object(com\zoho\crm\api\util\APIHTTPConnector))
#3 E:\zohocrm\blog\vendor\zohocrm\php-sdk-2.0\src\com\zoho\crm\api\users\UsersOperations.php(32): com\zoho\crm\api\util\CommonAPIHandler->apiCall('com\\zoho\\crm\\ap...', 'application/jso...')
#4 E:\zohocrm\blog\app\Http\Controllers\UserController.php(185): com\zoho\crm\api\users\UsersOperations->getUsers(Object(com\zoho\crm\api\ParameterMap), Object(com\zoho\crm\api\HeaderMap))
#5 E:\zohocrm\blog\vendor\laravel\framework\src\Illuminate\Routing\Controller.php(54): App\Http\Controllers\UserController->initialize()
#6 E:\zohocrm\blog\vendor\laravel\framework\src\Illuminate\Routing\ControllerDispatcher.php(45): Illuminate\Routing\Controller->callAction('initialize', Array)
#7 E:\zohocrm\blog\vendor\laravel\framework\src\Illuminate\Routing\Route.php(239): Illuminate\Routing\ControllerDispatcher->dispatch(Object(Illuminate\Routing\Route), Object(App\Http\Controllers\UserController), 'initialize')
#8 E:\zohocrm\blog\vendor\laravel\framework\src\Illuminate\Routing\Route.php(196): Illuminate\Routing\Route->runController()
#9 E:\zohocrm\blog\vendor\laravel\framework\src\Illuminate\Routing\Router.php(685): Illuminate\Routing\Route->run()
#10 E:\zohocrm\blog\vendor\laravel\framework\src\Illuminate\Pipeline\Pipeline.php(128): Illuminate\Routing\Router->Illuminate\Routing\{closure}(Object(Illuminate\Http\Request))
#11 E:\zohocrm\blog\vendor\laravel\framework\src\Illuminate\Routing\Middleware\SubstituteBindings.php(41): Illuminate\Pipeline\Pipeline->Illuminate\Pipeline\{closure}(Object(Illuminate\Http\Request))
#12 E:\zohocrm\blog\vendor\laravel\framework\src\Illuminate\Pipeline\Pipeline.php(167): Illuminate\Routing\Middleware\SubstituteBindings->handle(Object(Illuminate\Http\Request), Object(Closure))
#13 E:\zohocrm\blog\vendor\laravel\framework\src\Illuminate\Foundation\Http\Middleware\VerifyCsrfToken.php(78): Illuminate\Pipeline\Pipeline->Illuminate\Pipeline\{closure}(Object(Illuminate\Http\Request))
#14 E:\zohocrm\blog\vendor\laravel\framework\src\Illuminate\Pipeline\Pipeline.php(167): Illuminate\Foundation\Http\Middleware\VerifyCsrfToken->handle(Object(Illuminate\Http\Request), Object(Closure))
#15 E:\zohocrm\blog\vendor\laravel\framework\src\Illuminate\View\Middleware\ShareErrorsFromSession.php(49): Illuminate\Pipeline\Pipeline->Illuminate\Pipeline\{closure}(Object(Illuminate\Http\Request))
#16 E:\zohocrm\blog\vendor\laravel\framework\src\Illuminate\Pipeline\Pipeline.php(167): Illuminate\View\Middleware\ShareErrorsFromSession->handle(Object(Illuminate\Http\Request), Object(Closure))
#17 E:\zohocrm\blog\vendor\laravel\framework\src\Illuminate\Session\Middleware\StartSession.php(116): Illuminate\Pipeline\Pipeline->Illuminate\Pipeline\{closure}(Object(Illuminate\Http\Request))
#18 E:\zohocrm\blog\vendor\laravel\framework\src\Illuminate\Session\Middleware\StartSession.php(62): Illuminate\Session\Middleware\StartSession->handleStatefulRequest(Object(Illuminate\Http\Request), Object(Illuminate\Session\Store), Object(Closure))
#19 E:\zohocrm\blog\vendor\laravel\framework\src\Illuminate\Pipeline\Pipeline.php(167): Illuminate\Session\Middleware\StartSession->handle(Object(Illuminate\Http\Request), Object(Closure))
#20 E:\zohocrm\blog\vendor\laravel\framework\src\Illuminate\Cookie\Middleware\AddQueuedCookiesToResponse.php(37): Illuminate\Pipeline\Pipeline->Illuminate\Pipeline\{closure}(Object(Illuminate\Http\Request))
#21 E:\zohocrm\blog\vendor\laravel\framework\src\Illuminate\Pipeline\Pipeline.php(167): Illuminate\Cookie\Middleware\AddQueuedCookiesToResponse->handle(Object(Illuminate\Http\Request), Object(Closure))
#22 E:\zohocrm\blog\vendor\laravel\framework\src\Illuminate\Cookie\Middleware\EncryptCookies.php(67): Illuminate\Pipeline\Pipeline->Illuminate\Pipeline\{closure}(Object(Illuminate\Http\Request))
#23 E:\zohocrm\blog\vendor\laravel\framework\src\Illuminate\Pipeline\Pipeline.php(167): Illuminate\Cookie\Middleware\EncryptCookies->handle(Object(Illuminate\Http\Request), Object(Closure))
#24 E:\zohocrm\blog\vendor\laravel\framework\src\Illuminate\Pipeline\Pipeline.php(103): Illuminate\Pipeline\Pipeline->Illuminate\Pipeline\{closure}(Object(Illuminate\Http\Request))
#25 E:\zohocrm\blog\vendor\laravel\framework\src\Illuminate\Routing\Router.php(687): Illuminate\Pipeline\Pipeline->then(Object(Closure))
#26 E:\zohocrm\blog\vendor\laravel\framework\src\Illuminate\Routing\Router.php(662): Illuminate\Routing\Router->runRouteWithinStack(Object(Illuminate\Routing\Route), Object(Illuminate\Http\Request))
#27 E:\zohocrm\blog\vendor\laravel\framework\src\Illuminate\Routing\Router.php(628): Illuminate\Routing\Router->runRoute(Object(Illuminate\Http\Request), Object(Illuminate\Routing\Route))
#28 E:\zohocrm\blog\vendor\laravel\framework\src\Illuminate\Routing\Router.php(617): Illuminate\Routing\Router->dispatchToRoute(Object(Illuminate\Http\Request))
#29 E:\zohocrm\blog\vendor\laravel\framework\src\Illuminate\Foundation\Http\Kernel.php(165): Illuminate\Routing\Router->dispatch(Object(Illuminate\Http\Request))
#30 E:\zohocrm\blog\vendor\laravel\framework\src\Illuminate\Pipeline\Pipeline.php(128): Illuminate\Foundation\Http\Kernel->Illuminate\Foundation\Http\{closure}(Object(Illuminate\Http\Request))
#31 E:\zohocrm\blog\vendor\laravel\framework\src\Illuminate\Foundation\Http\Middleware\TransformsRequest.php(21): Illuminate\Pipeline\Pipeline->Illuminate\Pipeline\{closure}(Object(Illuminate\Http\Request))
#32 E:\zohocrm\blog\vendor\laravel\framework\src\Illuminate\Pipeline\Pipeline.php(167): Illuminate\Foundation\Http\Middleware\TransformsRequest->handle(Object(Illuminate\Http\Request), Object(Closure))
#33 E:\zohocrm\blog\vendor\laravel\framework\src\Illuminate\Foundation\Http\Middleware\TransformsRequest.php(21): Illuminate\Pipeline\Pipeline->Illuminate\Pipeline\{closure}(Object(Illuminate\Http\Request))
#34 E:\zohocrm\blog\vendor\laravel\framework\src\Illuminate\Pipeline\Pipeline.php(167): Illuminate\Foundation\Http\Middleware\TransformsRequest->handle(Object(Illuminate\Http\Request), Object(Closure))
#35 E:\zohocrm\blog\vendor\laravel\framework\src\Illuminate\Foundation\Http\Middleware\ValidatePostSize.php(27): Illuminate\Pipeline\Pipeline->Illuminate\Pipeline\{closure}(Object(Illuminate\Http\Request))
#36 E:\zohocrm\blog\vendor\laravel\framework\src\Illuminate\Pipeline\Pipeline.php(167): Illuminate\Foundation\Http\Middleware\ValidatePostSize->handle(Object(Illuminate\Http\Request), Object(Closure))
#37 E:\zohocrm\blog\vendor\laravel\framework\src\Illuminate\Foundation\Http\Middleware\CheckForMaintenanceMode.php(63): Illuminate\Pipeline\Pipeline->Illuminate\Pipeline\{closure}(Object(Illuminate\Http\Request))
#38 E:\zohocrm\blog\vendor\laravel\framework\src\Illuminate\Pipeline\Pipeline.php(167): Illuminate\Foundation\Http\Middleware\CheckForMaintenanceMode->handle(Object(Illuminate\Http\Request), Object(Closure))
#39 E:\zohocrm\blog\vendor\fruitcake\laravel-cors\src\HandleCors.php(37): Illuminate\Pipeline\Pipeline->Illuminate\Pipeline\{closure}(Object(Illuminate\Http\Request))
#40 E:\zohocrm\blog\vendor\laravel\framework\src\Illuminate\Pipeline\Pipeline.php(167): Fruitcake\Cors\HandleCors->handle(Object(Illuminate\Http\Request), Object(Closure))
#41 E:\zohocrm\blog\vendor\fideloper\proxy\src\TrustProxies.php(57): Illuminate\Pipeline\Pipeline->Illuminate\Pipeline\{closure}(Object(Illuminate\Http\Request))
#42 E:\zohocrm\blog\vendor\laravel\framework\src\Illuminate\Pipeline\Pipeline.php(167): Fideloper\Proxy\TrustProxies->handle(Object(Illuminate\Http\Request), Object(Closure))
#43 E:\zohocrm\blog\vendor\laravel\framework\src\Illuminate\Pipeline\Pipeline.php(103): Illuminate\Pipeline\Pipeline->Illuminate\Pipeline\{closure}(Object(Illuminate\Http\Request))
#44 E:\zohocrm\blog\vendor\laravel\framework\src\Illuminate\Foundation\Http\Kernel.php(140): Illuminate\Pipeline\Pipeline->then(Object(Closure))
#45 E:\zohocrm\blog\vendor\laravel\framework\src\Illuminate\Foundation\Http\Kernel.php(109): Illuminate\Foundation\Http\Kernel->sendRequestThroughRouter(Object(Illuminate\Http\Request))
#46 E:\zohocrm\blog\public\index.php(55): Illuminate\Foundation\Http\Kernel->handle(Object(Illuminate\Http\Request))
#47 E:\zohocrm\blog\server.php(21): require_once('E:\\zohocrm\\blog...')
#48 {main}
2022-10-28 10:46:49 com\zoho\api\logger\SDKLogger INFO Initialization successful for Email Id : admin@techoft.com in Environment : https://www.zohoapis.com.
2022-10-28 10:46:50 com\zoho\api\logger\SDKLogger SEVERE Exception in authenticating current request :  com\zoho\crm\api\exception\SDKException Caused by : INVALID TOKEN ERROR - invalid_code
E:\zohocrm\blog\vendor\zohocrm\php-sdk-2.0\src\com\zoho\api\authenticator\OAuthToken.php- 377- invalid_code
#0 E:\zohocrm\blog\vendor\zohocrm\php-sdk-2.0\src\com\zoho\api\authenticator\OAuthToken.php(348): com\zoho\api\authenticator\OAuthToken->processResponse('HTTP/1.1 200 \r\n...')
#1 E:\zohocrm\blog\vendor\zohocrm\php-sdk-2.0\src\com\zoho\api\authenticator\OAuthToken.php(235): com\zoho\api\authenticator\OAuthToken->generateAccessToken(Object(com\zoho\crm\api\UserSignature), Object(com\zoho\api\authenticator\store\DBStore))
#2 E:\zohocrm\blog\vendor\zohocrm\php-sdk-2.0\src\com\zoho\crm\api\util\CommonAPIHandler.php(253): com\zoho\api\authenticator\OAuthToken->authenticate(Object(com\zoho\crm\api\util\APIHTTPConnector))
#3 E:\zohocrm\blog\vendor\zohocrm\php-sdk-2.0\src\com\zoho\crm\api\users\UsersOperations.php(32): com\zoho\crm\api\util\CommonAPIHandler->apiCall('com\\zoho\\crm\\ap...', 'application/jso...')
#4 E:\zohocrm\blog\app\Http\Controllers\UserController.php(185): com\zoho\crm\api\users\UsersOperations->getUsers(Object(com\zoho\crm\api\ParameterMap), Object(com\zoho\crm\api\HeaderMap))
#5 E:\zohocrm\blog\vendor\laravel\framework\src\Illuminate\Routing\Controller.php(54): App\Http\Controllers\UserController->initialize()
#6 E:\zohocrm\blog\vendor\laravel\framework\src\Illuminate\Routing\ControllerDispatcher.php(45): Illuminate\Routing\Controller->callAction('initialize', Array)
#7 E:\zohocrm\blog\vendor\laravel\framework\src\Illuminate\Routing\Route.php(239): Illuminate\Routing\ControllerDispatcher->dispatch(Object(Illuminate\Routing\Route), Object(App\Http\Controllers\UserController), 'initialize')
#8 E:\zohocrm\blog\vendor\laravel\framework\src\Illuminate\Routing\Route.php(196): Illuminate\Routing\Route->runController()
#9 E:\zohocrm\blog\vendor\laravel\framework\src\Illuminate\Routing\Router.php(685): Illuminate\Routing\Route->run()
#10 E:\zohocrm\blog\vendor\laravel\framework\src\Illuminate\Pipeline\Pipeline.php(128): Illuminate\Routing\Router->Illuminate\Routing\{closure}(Object(Illuminate\Http\Request))
#11 E:\zohocrm\blog\vendor\laravel\framework\src\Illuminate\Routing\Middleware\SubstituteBindings.php(41): Illuminate\Pipeline\Pipeline->Illuminate\Pipeline\{closure}(Object(Illuminate\Http\Request))
#12 E:\zohocrm\blog\vendor\laravel\framework\src\Illuminate\Pipeline\Pipeline.php(167): Illuminate\Routing\Middleware\SubstituteBindings->handle(Object(Illuminate\Http\Request), Object(Closure))
#13 E:\zohocrm\blog\vendor\laravel\framework\src\Illuminate\Foundation\Http\Middleware\VerifyCsrfToken.php(78): Illuminate\Pipeline\Pipeline->Illuminate\Pipeline\{closure}(Object(Illuminate\Http\Request))
#14 E:\zohocrm\blog\vendor\laravel\framework\src\Illuminate\Pipeline\Pipeline.php(167): Illuminate\Foundation\Http\Middleware\VerifyCsrfToken->handle(Object(Illuminate\Http\Request), Object(Closure))
#15 E:\zohocrm\blog\vendor\laravel\framework\src\Illuminate\View\Middleware\ShareErrorsFromSession.php(49): Illuminate\Pipeline\Pipeline->Illuminate\Pipeline\{closure}(Object(Illuminate\Http\Request))
#16 E:\zohocrm\blog\vendor\laravel\framework\src\Illuminate\Pipeline\Pipeline.php(167): Illuminate\View\Middleware\ShareErrorsFromSession->handle(Object(Illuminate\Http\Request), Object(Closure))
#17 E:\zohocrm\blog\vendor\laravel\framework\src\Illuminate\Session\Middleware\StartSession.php(116): Illuminate\Pipeline\Pipeline->Illuminate\Pipeline\{closure}(Object(Illuminate\Http\Request))
#18 E:\zohocrm\blog\vendor\laravel\framework\src\Illuminate\Session\Middleware\StartSession.php(62): Illuminate\Session\Middleware\StartSession->handleStatefulRequest(Object(Illuminate\Http\Request), Object(Illuminate\Session\Store), Object(Closure))
#19 E:\zohocrm\blog\vendor\laravel\framework\src\Illuminate\Pipeline\Pipeline.php(167): Illuminate\Session\Middleware\StartSession->handle(Object(Illuminate\Http\Request), Object(Closure))
#20 E:\zohocrm\blog\vendor\laravel\framework\src\Illuminate\Cookie\Middleware\AddQueuedCookiesToResponse.php(37): Illuminate\Pipeline\Pipeline->Illuminate\Pipeline\{closure}(Object(Illuminate\Http\Request))
#21 E:\zohocrm\blog\vendor\laravel\framework\src\Illuminate\Pipeline\Pipeline.php(167): Illuminate\Cookie\Middleware\AddQueuedCookiesToResponse->handle(Object(Illuminate\Http\Request), Object(Closure))
#22 E:\zohocrm\blog\vendor\laravel\framework\src\Illuminate\Cookie\Middleware\EncryptCookies.php(67): Illuminate\Pipeline\Pipeline->Illuminate\Pipeline\{closure}(Object(Illuminate\Http\Request))
#23 E:\zohocrm\blog\vendor\laravel\framework\src\Illuminate\Pipeline\Pipeline.php(167): Illuminate\Cookie\Middleware\EncryptCookies->handle(Object(Illuminate\Http\Request), Object(Closure))
#24 E:\zohocrm\blog\vendor\laravel\framework\src\Illuminate\Pipeline\Pipeline.php(103): Illuminate\Pipeline\Pipeline->Illuminate\Pipeline\{closure}(Object(Illuminate\Http\Request))
#25 E:\zohocrm\blog\vendor\laravel\framework\src\Illuminate\Routing\Router.php(687): Illuminate\Pipeline\Pipeline->then(Object(Closure))
#26 E:\zohocrm\blog\vendor\laravel\framework\src\Illuminate\Routing\Router.php(662): Illuminate\Routing\Router->runRouteWithinStack(Object(Illuminate\Routing\Route), Object(Illuminate\Http\Request))
#27 E:\zohocrm\blog\vendor\laravel\framework\src\Illuminate\Routing\Router.php(628): Illuminate\Routing\Router->runRoute(Object(Illuminate\Http\Request), Object(Illuminate\Routing\Route))
#28 E:\zohocrm\blog\vendor\laravel\framework\src\Illuminate\Routing\Router.php(617): Illuminate\Routing\Router->dispatchToRoute(Object(Illuminate\Http\Request))
#29 E:\zohocrm\blog\vendor\laravel\framework\src\Illuminate\Foundation\Http\Kernel.php(165): Illuminate\Routing\Router->dispatch(Object(Illuminate\Http\Request))
#30 E:\zohocrm\blog\vendor\laravel\framework\src\Illuminate\Pipeline\Pipeline.php(128): Illuminate\Foundation\Http\Kernel->Illuminate\Foundation\Http\{closure}(Object(Illuminate\Http\Request))
#31 E:\zohocrm\blog\vendor\laravel\framework\src\Illuminate\Foundation\Http\Middleware\TransformsRequest.php(21): Illuminate\Pipeline\Pipeline->Illuminate\Pipeline\{closure}(Object(Illuminate\Http\Request))
#32 E:\zohocrm\blog\vendor\laravel\framework\src\Illuminate\Pipeline\Pipeline.php(167): Illuminate\Foundation\Http\Middleware\TransformsRequest->handle(Object(Illuminate\Http\Request), Object(Closure))
#33 E:\zohocrm\blog\vendor\laravel\framework\src\Illuminate\Foundation\Http\Middleware\TransformsRequest.php(21): Illuminate\Pipeline\Pipeline->Illuminate\Pipeline\{closure}(Object(Illuminate\Http\Request))
#34 E:\zohocrm\blog\vendor\laravel\framework\src\Illuminate\Pipeline\Pipeline.php(167): Illuminate\Foundation\Http\Middleware\TransformsRequest->handle(Object(Illuminate\Http\Request), Object(Closure))
#35 E:\zohocrm\blog\vendor\laravel\framework\src\Illuminate\Foundation\Http\Middleware\ValidatePostSize.php(27): Illuminate\Pipeline\Pipeline->Illuminate\Pipeline\{closure}(Object(Illuminate\Http\Request))
#36 E:\zohocrm\blog\vendor\laravel\framework\src\Illuminate\Pipeline\Pipeline.php(167): Illuminate\Foundation\Http\Middleware\ValidatePostSize->handle(Object(Illuminate\Http\Request), Object(Closure))
#37 E:\zohocrm\blog\vendor\laravel\framework\src\Illuminate\Foundation\Http\Middleware\CheckForMaintenanceMode.php(63): Illuminate\Pipeline\Pipeline->Illuminate\Pipeline\{closure}(Object(Illuminate\Http\Request))
#38 E:\zohocrm\blog\vendor\laravel\framework\src\Illuminate\Pipeline\Pipeline.php(167): Illuminate\Foundation\Http\Middleware\CheckForMaintenanceMode->handle(Object(Illuminate\Http\Request), Object(Closure))
#39 E:\zohocrm\blog\vendor\fruitcake\laravel-cors\src\HandleCors.php(37): Illuminate\Pipeline\Pipeline->Illuminate\Pipeline\{closure}(Object(Illuminate\Http\Request))
#40 E:\zohocrm\blog\vendor\laravel\framework\src\Illuminate\Pipeline\Pipeline.php(167): Fruitcake\Cors\HandleCors->handle(Object(Illuminate\Http\Request), Object(Closure))
#41 E:\zohocrm\blog\vendor\fideloper\proxy\src\TrustProxies.php(57): Illuminate\Pipeline\Pipeline->Illuminate\Pipeline\{closure}(Object(Illuminate\Http\Request))
#42 E:\zohocrm\blog\vendor\laravel\framework\src\Illuminate\Pipeline\Pipeline.php(167): Fideloper\Proxy\TrustProxies->handle(Object(Illuminate\Http\Request), Object(Closure))
#43 E:\zohocrm\blog\vendor\laravel\framework\src\Illuminate\Pipeline\Pipeline.php(103): Illuminate\Pipeline\Pipeline->Illuminate\Pipeline\{closure}(Object(Illuminate\Http\Request))
#44 E:\zohocrm\blog\vendor\laravel\framework\src\Illuminate\Foundation\Http\Kernel.php(140): Illuminate\Pipeline\Pipeline->then(Object(Closure))
#45 E:\zohocrm\blog\vendor\laravel\framework\src\Illuminate\Foundation\Http\Kernel.php(109): Illuminate\Foundation\Http\Kernel->sendRequestThroughRouter(Object(Illuminate\Http\Request))
#46 E:\zohocrm\blog\public\index.php(55): Illuminate\Foundation\Http\Kernel->handle(Object(Illuminate\Http\Request))
#47 E:\zohocrm\blog\server.php(21): require_once('E:\\zohocrm\\blog...')
#48 {main}
2022-10-28 11:57:25 com\zoho\api\logger\SDKLogger INFO Initialization successful for Email Id : admin@techoft.com in Environment : https://www.zohoapis.com.
2022-10-28 11:57:26 com\zoho\api\logger\SDKLogger SEVERE Exception in authenticating current request :  com\zoho\crm\api\exception\SDKException Caused by : INVALID TOKEN ERROR - invalid_code
E:\zohocrm\blog\vendor\zohocrm\php-sdk-2.0\src\com\zoho\api\authenticator\OAuthToken.php- 377- invalid_code
#0 E:\zohocrm\blog\vendor\zohocrm\php-sdk-2.0\src\com\zoho\api\authenticator\OAuthToken.php(348): com\zoho\api\authenticator\OAuthToken->processResponse('HTTP/1.1 200 \r\n...')
#1 E:\zohocrm\blog\vendor\zohocrm\php-sdk-2.0\src\com\zoho\api\authenticator\OAuthToken.php(235): com\zoho\api\authenticator\OAuthToken->generateAccessToken(Object(com\zoho\crm\api\UserSignature), Object(com\zoho\api\authenticator\store\DBStore))
#2 E:\zohocrm\blog\vendor\zohocrm\php-sdk-2.0\src\com\zoho\crm\api\util\CommonAPIHandler.php(253): com\zoho\api\authenticator\OAuthToken->authenticate(Object(com\zoho\crm\api\util\APIHTTPConnector))
#3 E:\zohocrm\blog\vendor\zohocrm\php-sdk-2.0\src\com\zoho\crm\api\users\UsersOperations.php(32): com\zoho\crm\api\util\CommonAPIHandler->apiCall('com\\zoho\\crm\\ap...', 'application/jso...')
#4 E:\zohocrm\blog\app\Http\Controllers\UserController.php(185): com\zoho\crm\api\users\UsersOperations->getUsers(Object(com\zoho\crm\api\ParameterMap), Object(com\zoho\crm\api\HeaderMap))
#5 E:\zohocrm\blog\vendor\laravel\framework\src\Illuminate\Routing\Controller.php(54): App\Http\Controllers\UserController->initialize()
#6 E:\zohocrm\blog\vendor\laravel\framework\src\Illuminate\Routing\ControllerDispatcher.php(45): Illuminate\Routing\Controller->callAction('initialize', Array)
#7 E:\zohocrm\blog\vendor\laravel\framework\src\Illuminate\Routing\Route.php(239): Illuminate\Routing\ControllerDispatcher->dispatch(Object(Illuminate\Routing\Route), Object(App\Http\Controllers\UserController), 'initialize')
#8 E:\zohocrm\blog\vendor\laravel\framework\src\Illuminate\Routing\Route.php(196): Illuminate\Routing\Route->runController()
#9 E:\zohocrm\blog\vendor\laravel\framework\src\Illuminate\Routing\Router.php(685): Illuminate\Routing\Route->run()
#10 E:\zohocrm\blog\vendor\laravel\framework\src\Illuminate\Pipeline\Pipeline.php(128): Illuminate\Routing\Router->Illuminate\Routing\{closure}(Object(Illuminate\Http\Request))
#11 E:\zohocrm\blog\vendor\laravel\framework\src\Illuminate\Routing\Middleware\SubstituteBindings.php(41): Illuminate\Pipeline\Pipeline->Illuminate\Pipeline\{closure}(Object(Illuminate\Http\Request))
#12 E:\zohocrm\blog\vendor\laravel\framework\src\Illuminate\Pipeline\Pipeline.php(167): Illuminate\Routing\Middleware\SubstituteBindings->handle(Object(Illuminate\Http\Request), Object(Closure))
#13 E:\zohocrm\blog\vendor\laravel\framework\src\Illuminate\Foundation\Http\Middleware\VerifyCsrfToken.php(78): Illuminate\Pipeline\Pipeline->Illuminate\Pipeline\{closure}(Object(Illuminate\Http\Request))
#14 E:\zohocrm\blog\vendor\laravel\framework\src\Illuminate\Pipeline\Pipeline.php(167): Illuminate\Foundation\Http\Middleware\VerifyCsrfToken->handle(Object(Illuminate\Http\Request), Object(Closure))
#15 E:\zohocrm\blog\vendor\laravel\framework\src\Illuminate\View\Middleware\ShareErrorsFromSession.php(49): Illuminate\Pipeline\Pipeline->Illuminate\Pipeline\{closure}(Object(Illuminate\Http\Request))
#16 E:\zohocrm\blog\vendor\laravel\framework\src\Illuminate\Pipeline\Pipeline.php(167): Illuminate\View\Middleware\ShareErrorsFromSession->handle(Object(Illuminate\Http\Request), Object(Closure))
#17 E:\zohocrm\blog\vendor\laravel\framework\src\Illuminate\Session\Middleware\StartSession.php(116): Illuminate\Pipeline\Pipeline->Illuminate\Pipeline\{closure}(Object(Illuminate\Http\Request))
#18 E:\zohocrm\blog\vendor\laravel\framework\src\Illuminate\Session\Middleware\StartSession.php(62): Illuminate\Session\Middleware\StartSession->handleStatefulRequest(Object(Illuminate\Http\Request), Object(Illuminate\Session\Store), Object(Closure))
#19 E:\zohocrm\blog\vendor\laravel\framework\src\Illuminate\Pipeline\Pipeline.php(167): Illuminate\Session\Middleware\StartSession->handle(Object(Illuminate\Http\Request), Object(Closure))
#20 E:\zohocrm\blog\vendor\laravel\framework\src\Illuminate\Cookie\Middleware\AddQueuedCookiesToResponse.php(37): Illuminate\Pipeline\Pipeline->Illuminate\Pipeline\{closure}(Object(Illuminate\Http\Request))
#21 E:\zohocrm\blog\vendor\laravel\framework\src\Illuminate\Pipeline\Pipeline.php(167): Illuminate\Cookie\Middleware\AddQueuedCookiesToResponse->handle(Object(Illuminate\Http\Request), Object(Closure))
#22 E:\zohocrm\blog\vendor\laravel\framework\src\Illuminate\Cookie\Middleware\EncryptCookies.php(67): Illuminate\Pipeline\Pipeline->Illuminate\Pipeline\{closure}(Object(Illuminate\Http\Request))
#23 E:\zohocrm\blog\vendor\laravel\framework\src\Illuminate\Pipeline\Pipeline.php(167): Illuminate\Cookie\Middleware\EncryptCookies->handle(Object(Illuminate\Http\Request), Object(Closure))
#24 E:\zohocrm\blog\vendor\laravel\framework\src\Illuminate\Pipeline\Pipeline.php(103): Illuminate\Pipeline\Pipeline->Illuminate\Pipeline\{closure}(Object(Illuminate\Http\Request))
#25 E:\zohocrm\blog\vendor\laravel\framework\src\Illuminate\Routing\Router.php(687): Illuminate\Pipeline\Pipeline->then(Object(Closure))
#26 E:\zohocrm\blog\vendor\laravel\framework\src\Illuminate\Routing\Router.php(662): Illuminate\Routing\Router->runRouteWithinStack(Object(Illuminate\Routing\Route), Object(Illuminate\Http\Request))
#27 E:\zohocrm\blog\vendor\laravel\framework\src\Illuminate\Routing\Router.php(628): Illuminate\Routing\Router->runRoute(Object(Illuminate\Http\Request), Object(Illuminate\Routing\Route))
#28 E:\zohocrm\blog\vendor\laravel\framework\src\Illuminate\Routing\Router.php(617): Illuminate\Routing\Router->dispatchToRoute(Object(Illuminate\Http\Request))
#29 E:\zohocrm\blog\vendor\laravel\framework\src\Illuminate\Foundation\Http\Kernel.php(165): Illuminate\Routing\Router->dispatch(Object(Illuminate\Http\Request))
#30 E:\zohocrm\blog\vendor\laravel\framework\src\Illuminate\Pipeline\Pipeline.php(128): Illuminate\Foundation\Http\Kernel->Illuminate\Foundation\Http\{closure}(Object(Illuminate\Http\Request))
#31 E:\zohocrm\blog\vendor\laravel\framework\src\Illuminate\Foundation\Http\Middleware\TransformsRequest.php(21): Illuminate\Pipeline\Pipeline->Illuminate\Pipeline\{closure}(Object(Illuminate\Http\Request))
#32 E:\zohocrm\blog\vendor\laravel\framework\src\Illuminate\Pipeline\Pipeline.php(167): Illuminate\Foundation\Http\Middleware\TransformsRequest->handle(Object(Illuminate\Http\Request), Object(Closure))
#33 E:\zohocrm\blog\vendor\laravel\framework\src\Illuminate\Foundation\Http\Middleware\TransformsRequest.php(21): Illuminate\Pipeline\Pipeline->Illuminate\Pipeline\{closure}(Object(Illuminate\Http\Request))
#34 E:\zohocrm\blog\vendor\laravel\framework\src\Illuminate\Pipeline\Pipeline.php(167): Illuminate\Foundation\Http\Middleware\TransformsRequest->handle(Object(Illuminate\Http\Request), Object(Closure))
#35 E:\zohocrm\blog\vendor\laravel\framework\src\Illuminate\Foundation\Http\Middleware\ValidatePostSize.php(27): Illuminate\Pipeline\Pipeline->Illuminate\Pipeline\{closure}(Object(Illuminate\Http\Request))
#36 E:\zohocrm\blog\vendor\laravel\framework\src\Illuminate\Pipeline\Pipeline.php(167): Illuminate\Foundation\Http\Middleware\ValidatePostSize->handle(Object(Illuminate\Http\Request), Object(Closure))
#37 E:\zohocrm\blog\vendor\laravel\framework\src\Illuminate\Foundation\Http\Middleware\CheckForMaintenanceMode.php(63): Illuminate\Pipeline\Pipeline->Illuminate\Pipeline\{closure}(Object(Illuminate\Http\Request))
#38 E:\zohocrm\blog\vendor\laravel\framework\src\Illuminate\Pipeline\Pipeline.php(167): Illuminate\Foundation\Http\Middleware\CheckForMaintenanceMode->handle(Object(Illuminate\Http\Request), Object(Closure))
#39 E:\zohocrm\blog\vendor\fruitcake\laravel-cors\src\HandleCors.php(37): Illuminate\Pipeline\Pipeline->Illuminate\Pipeline\{closure}(Object(Illuminate\Http\Request))
#40 E:\zohocrm\blog\vendor\laravel\framework\src\Illuminate\Pipeline\Pipeline.php(167): Fruitcake\Cors\HandleCors->handle(Object(Illuminate\Http\Request), Object(Closure))
#41 E:\zohocrm\blog\vendor\fideloper\proxy\src\TrustProxies.php(57): Illuminate\Pipeline\Pipeline->Illuminate\Pipeline\{closure}(Object(Illuminate\Http\Request))
#42 E:\zohocrm\blog\vendor\laravel\framework\src\Illuminate\Pipeline\Pipeline.php(167): Fideloper\Proxy\TrustProxies->handle(Object(Illuminate\Http\Request), Object(Closure))
#43 E:\zohocrm\blog\vendor\laravel\framework\src\Illuminate\Pipeline\Pipeline.php(103): Illuminate\Pipeline\Pipeline->Illuminate\Pipeline\{closure}(Object(Illuminate\Http\Request))
#44 E:\zohocrm\blog\vendor\laravel\framework\src\Illuminate\Foundation\Http\Kernel.php(140): Illuminate\Pipeline\Pipeline->then(Object(Closure))
#45 E:\zohocrm\blog\vendor\laravel\framework\src\Illuminate\Foundation\Http\Kernel.php(109): Illuminate\Foundation\Http\Kernel->sendRequestThroughRouter(Object(Illuminate\Http\Request))
#46 E:\zohocrm\blog\public\index.php(55): Illuminate\Foundation\Http\Kernel->handle(Object(Illuminate\Http\Request))
#47 E:\zohocrm\blog\server.php(21): require_once('E:\\zohocrm\\blog...')
#48 {main}
2022-10-28 11:58:52 com\zoho\api\logger\SDKLogger INFO Initialization successful for Email Id : admin@techoft.com in Environment : https://www.zohoapis.com.
2022-10-28 11:58:52 com\zoho\api\logger\SDKLogger INFO GET - URL = https://www.zohoapis.com/crm/v2/users?type=ActiveUsers&page=1&per_page=1 , headers = {"If-Modified-Since":"2020-07-15T12:28:47+00:00","Authorization":" ## can't disclose ## ","X-ZOHO-SDK":"Windows NT\/10.0\/php-2.0\/7.4.28:4.0.0"} , PARAMS = {"type":"ActiveUsers","page":1,"per_page":1}.
2022-10-28 12:04:33 com\zoho\api\logger\SDKLogger INFO Initialization successful for Email Id : admin@techoft.com in Environment : https://www.zohoapis.com.
2022-10-28 12:04:34 com\zoho\api\logger\SDKLogger INFO GET - URL = https://www.zohoapis.com/crm/v2/users?type=ActiveUsers&page=1&per_page=1 , headers = {"If-Modified-Since":"2020-07-15T12:28:47+00:00","Authorization":" ## can't disclose ## ","X-ZOHO-SDK":"Windows NT\/10.0\/php-2.0\/7.4.28:4.0.0"} , PARAMS = {"type":"ActiveUsers","page":1,"per_page":1}.
2022-10-28 12:12:42 com\zoho\api\logger\SDKLogger INFO Initialization successful for Email Id : admin@techoft.com in Environment : https://www.zohoapis.com.
2022-10-28 12:12:43 com\zoho\api\logger\SDKLogger INFO GET - URL = https://www.zohoapis.com/crm/v2/users?type=ActiveUsers&page=1&per_page=1 , headers = {"If-Modified-Since":"2020-07-15T12:28:47+00:00","Authorization":" ## can't disclose ## ","X-ZOHO-SDK":"Windows NT\/10.0\/php-2.0\/7.4.28:4.0.0"} , PARAMS = {"type":"ActiveUsers","page":1,"per_page":1}.
2022-10-28 12:12:44 com\zoho\api\logger\SDKLogger SEVERE Error response :{"response":"HTTP\/1.1 304 \r\nServer: ZGS\r\nDate: Fri, 28 Oct 2022 12:12:42 GMT\r\nConnection: keep-alive\r\nSet-Cookie: 1ccad04dca=7c4db2789d6aa31b4aa3f1ae539a6504; Path=\/\r\nReferrer-Policy: strict-origin\r\nX-Content-Type-Options: nosniff\r\nX-XSS-Protection: 1; mode=block\r\nSet-Cookie: crmcsr=4e9a15e4-4a9a-4982-87cb-f7ead4d6a727;path=\/;Secure;priority=high\r\nSet-Cookie: _zcsr_tmp=4e9a15e4-4a9a-4982-87cb-f7ead4d6a727;path=\/;SameSite=Strict;Secure;priority=high\r\nPragma: no-cache\r\nCache-Control: no-store, no-cache, must-revalidate, private\r\nExpires: Thu, 01 Jan 1970 00:00:00 GMT\r\nX-Frame-Options: SAMEORIGIN\r\nX-ACCESSTOKEN-RESET: 2022-10-28T18:42:41+05:30\r\nclientVersion: 5561663\r\nclientsubVersion: c6801f81377129b17832b8e50aa0ce39\r\nSet-Cookie: JSESSIONID=EE1839751856533C4296277B43CA455E; Path=\/; Secure\r\nContent-Disposition: attachment; filename=response.json\r\nX-Download-Options: noopen\r\nStrict-Transport-Security: max-age=63072000\r\n\r\n","http_code":304,"headers":{"http\/1.1 304 ":"HTTP\/1.1 304 ","server":"ZGS","date":"Fri, 28 Oct 2022 12:12:42 GMT","connection":"keep-alive","set-cookie":"JSESSIONID=EE1839751856533C4296277B43CA455E; Path=\/; Secure","referrer-policy":"strict-origin","x-content-type-options":"nosniff","x-xss-protection":"1; mode=block","pragma":"no-cache","cache-control":"no-store, no-cache, must-revalidate, private","expires":"Thu, 01 Jan 1970 00:00:00 GMT","x-frame-options":"SAMEORIGIN","x-accesstoken-reset":"2022-10-28T18:42:41+05:30","clientversion":"5561663","clientsubversion":"c6801f81377129b17832b8e50aa0ce39","content-disposition":"attachment; filename=response.json","x-download-options":"noopen","strict-transport-security":"max-age=63072000"}}
2022-10-28 12:13:22 com\zoho\api\logger\SDKLogger INFO Initialization successful for Email Id : admin@techoft.com in Environment : https://www.zohoapis.com.
2022-10-28 12:13:22 com\zoho\api\logger\SDKLogger INFO GET - URL = https://www.zohoapis.com/crm/v2/users?type=ActiveUsers&page=1&per_page=1 , headers = {"If-Modified-Since":"2020-07-15T12:28:47+00:00","Authorization":" ## can't disclose ## ","X-ZOHO-SDK":"Windows NT\/10.0\/php-2.0\/7.4.28:4.0.0"} , PARAMS = {"type":"ActiveUsers","page":1,"per_page":1}.
2022-10-28 12:13:23 com\zoho\api\logger\SDKLogger SEVERE Error response :{"response":"HTTP\/1.1 304 \r\nServer: ZGS\r\nDate: Fri, 28 Oct 2022 12:13:22 GMT\r\nConnection: keep-alive\r\nSet-Cookie: 1ccad04dca=d8c773df060ae4784b40e4f7c456eeaf; Path=\/\r\nReferrer-Policy: strict-origin\r\nX-Content-Type-Options: nosniff\r\nX-XSS-Protection: 1; mode=block\r\nSet-Cookie: crmcsr=fd52624c-da52-4e3e-9425-23649a2a8914;path=\/;Secure;priority=high\r\nSet-Cookie: _zcsr_tmp=fd52624c-da52-4e3e-9425-23649a2a8914;path=\/;SameSite=Strict;Secure;priority=high\r\nPragma: no-cache\r\nCache-Control: no-store, no-cache, must-revalidate, private\r\nExpires: Thu, 01 Jan 1970 00:00:00 GMT\r\nX-Frame-Options: SAMEORIGIN\r\nX-ACCESSTOKEN-RESET: 2022-10-28T18:42:41+05:30\r\nclientVersion: 5561663\r\nclientsubVersion: c6801f81377129b17832b8e50aa0ce39\r\nSet-Cookie: JSESSIONID=CA1A6CF8DDB68D537D7DE0BD58D6B6C9; Path=\/; Secure\r\nContent-Disposition: attachment; filename=response.json\r\nX-Download-Options: noopen\r\nStrict-Transport-Security: max-age=63072000\r\n\r\n","http_code":304,"headers":{"http\/1.1 304 ":"HTTP\/1.1 304 ","server":"ZGS","date":"Fri, 28 Oct 2022 12:13:22 GMT","connection":"keep-alive","set-cookie":"JSESSIONID=CA1A6CF8DDB68D537D7DE0BD58D6B6C9; Path=\/; Secure","referrer-policy":"strict-origin","x-content-type-options":"nosniff","x-xss-protection":"1; mode=block","pragma":"no-cache","cache-control":"no-store, no-cache, must-revalidate, private","expires":"Thu, 01 Jan 1970 00:00:00 GMT","x-frame-options":"SAMEORIGIN","x-accesstoken-reset":"2022-10-28T18:42:41+05:30","clientversion":"5561663","clientsubversion":"c6801f81377129b17832b8e50aa0ce39","content-disposition":"attachment; filename=response.json","x-download-options":"noopen","strict-transport-security":"max-age=63072000"}}
2022-10-28 12:14:05 com\zoho\api\logger\SDKLogger INFO Initialization successful for Email Id : admin@techoft.com in Environment : https://www.zohoapis.com.
2022-10-28 12:14:05 com\zoho\api\logger\SDKLogger INFO GET - URL = https://www.zohoapis.com/crm/v2/users?type=ActiveUsers&page=1&per_page=1 , headers = {"If-Modified-Since":"2020-07-15T12:28:47+00:00","Authorization":" ## can't disclose ## ","X-ZOHO-SDK":"Windows NT\/10.0\/php-2.0\/7.4.28:4.0.0"} , PARAMS = {"type":"ActiveUsers","page":1,"per_page":1}.
2022-10-28 12:14:06 com\zoho\api\logger\SDKLogger SEVERE Error response :{"response":"HTTP\/1.1 304 \r\nServer: ZGS\r\nDate: Fri, 28 Oct 2022 12:14:04 GMT\r\nConnection: keep-alive\r\nSet-Cookie: 1ccad04dca=e2b9657ed7ca2a2a8bab7348eb621ffb; Path=\/\r\nReferrer-Policy: strict-origin\r\nX-Content-Type-Options: nosniff\r\nX-XSS-Protection: 1; mode=block\r\nSet-Cookie: crmcsr=36227243-d2c7-4992-be1a-b6c0f51f0ad8;path=\/;Secure;priority=high\r\nSet-Cookie: _zcsr_tmp=36227243-d2c7-4992-be1a-b6c0f51f0ad8;path=\/;SameSite=Strict;Secure;priority=high\r\nPragma: no-cache\r\nCache-Control: no-store, no-cache, must-revalidate, private\r\nExpires: Thu, 01 Jan 1970 00:00:00 GMT\r\nX-Frame-Options: SAMEORIGIN\r\nX-ACCESSTOKEN-RESET: 2022-10-28T18:42:41+05:30\r\nclientVersion: 5561663\r\nclientsubVersion: c6801f81377129b17832b8e50aa0ce39\r\nSet-Cookie: JSESSIONID=E39D14A3A551337C55372C2A893A743F; Path=\/; Secure\r\nContent-Disposition: attachment; filename=response.json\r\nX-Download-Options: noopen\r\nStrict-Transport-Security: max-age=63072000\r\n\r\n","http_code":304,"headers":{"http\/1.1 304 ":"HTTP\/1.1 304 ","server":"ZGS","date":"Fri, 28 Oct 2022 12:14:04 GMT","connection":"keep-alive","set-cookie":"JSESSIONID=E39D14A3A551337C55372C2A893A743F; Path=\/; Secure","referrer-policy":"strict-origin","x-content-type-options":"nosniff","x-xss-protection":"1; mode=block","pragma":"no-cache","cache-control":"no-store, no-cache, must-revalidate, private","expires":"Thu, 01 Jan 1970 00:00:00 GMT","x-frame-options":"SAMEORIGIN","x-accesstoken-reset":"2022-10-28T18:42:41+05:30","clientversion":"5561663","clientsubversion":"c6801f81377129b17832b8e50aa0ce39","content-disposition":"attachment; filename=response.json","x-download-options":"noopen","strict-transport-security":"max-age=63072000"}}
2022-10-28 12:21:13 com\zoho\api\logger\SDKLogger INFO Initialization successful for Email Id : admin@techoft.com in Environment : https://www.zohoapis.com.
2022-10-28 12:21:13 com\zoho\api\logger\SDKLogger INFO GET - URL = https://www.zohoapis.com/crm/v2/users?type=ActiveUsers&page=1&per_page=1 , headers = {"If-Modified-Since":"2020-07-15T12:28:47+00:00","Authorization":" ## can't disclose ## ","X-ZOHO-SDK":"Windows NT\/10.0\/php-2.0\/7.4.28:4.0.0"} , PARAMS = {"type":"ActiveUsers","page":1,"per_page":1}.
2022-10-28 12:21:14 com\zoho\api\logger\SDKLogger SEVERE Error response :{"response":"HTTP\/1.1 304 \r\nServer: ZGS\r\nDate: Fri, 28 Oct 2022 12:21:12 GMT\r\nConnection: keep-alive\r\nSet-Cookie: 1ccad04dca=c0a8160b68ea01a408b495dec135dc0c; Path=\/\r\nReferrer-Policy: strict-origin\r\nX-Content-Type-Options: nosniff\r\nX-XSS-Protection: 1; mode=block\r\nSet-Cookie: crmcsr=f0499cee-5ff6-423e-9291-c66a4f871728;path=\/;Secure;priority=high\r\nSet-Cookie: _zcsr_tmp=f0499cee-5ff6-423e-9291-c66a4f871728;path=\/;SameSite=Strict;Secure;priority=high\r\nPragma: no-cache\r\nCache-Control: no-store, no-cache, must-revalidate, private\r\nExpires: Thu, 01 Jan 1970 00:00:00 GMT\r\nX-Frame-Options: SAMEORIGIN\r\nX-ACCESSTOKEN-RESET: 2022-10-28T18:42:41+05:30\r\nclientVersion: 5561663\r\nclientsubVersion: c6801f81377129b17832b8e50aa0ce39\r\nSet-Cookie: JSESSIONID=146929B003F63B5250432E99F8825D06; Path=\/; Secure\r\nContent-Disposition: attachment; filename=response.json\r\nX-Download-Options: noopen\r\nStrict-Transport-Security: max-age=63072000\r\n\r\n","http_code":304,"headers":{"http\/1.1 304 ":"HTTP\/1.1 304 ","server":"ZGS","date":"Fri, 28 Oct 2022 12:21:12 GMT","connection":"keep-alive","set-cookie":"JSESSIONID=146929B003F63B5250432E99F8825D06; Path=\/; Secure","referrer-policy":"strict-origin","x-content-type-options":"nosniff","x-xss-protection":"1; mode=block","pragma":"no-cache","cache-control":"no-store, no-cache, must-revalidate, private","expires":"Thu, 01 Jan 1970 00:00:00 GMT","x-frame-options":"SAMEORIGIN","x-accesstoken-reset":"2022-10-28T18:42:41+05:30","clientversion":"5561663","clientsubversion":"c6801f81377129b17832b8e50aa0ce39","content-disposition":"attachment; filename=response.json","x-download-options":"noopen","strict-transport-security":"max-age=63072000"}}
2022-10-28 12:27:07 com\zoho\api\logger\SDKLogger INFO Initialization successful for Email Id : admin@techoft.com in Environment : https://www.zohoapis.com.
2022-10-28 12:27:07 com\zoho\api\logger\SDKLogger INFO GET - URL = https://www.zohoapis.com/crm/v2/users?type=ActiveUsers&page=1&per_page=1 , headers = {"If-Modified-Since":"2022-10-28T12:28:47+00:00","Authorization":" ## can't disclose ## ","X-ZOHO-SDK":"Windows NT\/10.0\/php-2.0\/7.4.28:4.0.0"} , PARAMS = {"type":"ActiveUsers","page":1,"per_page":1}.
2022-10-28 12:27:08 com\zoho\api\logger\SDKLogger SEVERE Error response :{"response":"HTTP\/1.1 304 \r\nServer: ZGS\r\nDate: Fri, 28 Oct 2022 12:27:06 GMT\r\nConnection: keep-alive\r\nSet-Cookie: 1ccad04dca=6d34a50fbe8cb49cea551ab7ad34eadd; Path=\/\r\nReferrer-Policy: strict-origin\r\nX-Content-Type-Options: nosniff\r\nX-XSS-Protection: 1; mode=block\r\nSet-Cookie: crmcsr=a61e0046-9680-41a0-9f71-b8657a241a60;path=\/;Secure;priority=high\r\nSet-Cookie: _zcsr_tmp=a61e0046-9680-41a0-9f71-b8657a241a60;path=\/;SameSite=Strict;Secure;priority=high\r\nPragma: no-cache\r\nCache-Control: no-store, no-cache, must-revalidate, private\r\nExpires: Thu, 01 Jan 1970 00:00:00 GMT\r\nX-Frame-Options: SAMEORIGIN\r\nX-ACCESSTOKEN-RESET: 2022-10-28T18:42:41+05:30\r\nclientVersion: 5561663\r\nclientsubVersion: c6801f81377129b17832b8e50aa0ce39\r\nSet-Cookie: JSESSIONID=90DC4D7742E035D9DDCA28F0FCC1AC49; Path=\/; Secure\r\nContent-Disposition: attachment; filename=response.json\r\nX-Download-Options: noopen\r\nStrict-Transport-Security: max-age=63072000\r\n\r\n","http_code":304,"headers":{"http\/1.1 304 ":"HTTP\/1.1 304 ","server":"ZGS","date":"Fri, 28 Oct 2022 12:27:06 GMT","connection":"keep-alive","set-cookie":"JSESSIONID=90DC4D7742E035D9DDCA28F0FCC1AC49; Path=\/; Secure","referrer-policy":"strict-origin","x-content-type-options":"nosniff","x-xss-protection":"1; mode=block","pragma":"no-cache","cache-control":"no-store, no-cache, must-revalidate, private","expires":"Thu, 01 Jan 1970 00:00:00 GMT","x-frame-options":"SAMEORIGIN","x-accesstoken-reset":"2022-10-28T18:42:41+05:30","clientversion":"5561663","clientsubversion":"c6801f81377129b17832b8e50aa0ce39","content-disposition":"attachment; filename=response.json","x-download-options":"noopen","strict-transport-security":"max-age=63072000"}}
2022-10-28 12:29:04 com\zoho\api\logger\SDKLogger INFO Initialization successful for Email Id : admin@techoft.com in Environment : https://www.zohoapis.com.
2022-10-28 12:29:04 com\zoho\api\logger\SDKLogger INFO GET - URL = https://www.zohoapis.com/crm/v2/users?type=ActiveUsers&page=1&per_page=1 , headers = {"Authorization":" ## can't disclose ## ","X-ZOHO-SDK":"Windows NT\/10.0\/php-2.0\/7.4.28:4.0.0"} , PARAMS = {"type":"ActiveUsers","page":1,"per_page":1}.
2022-10-28 12:29:50 com\zoho\api\logger\SDKLogger INFO Initialization successful for Email Id : admin@techoft.com in Environment : https://www.zohoapis.com.
2022-10-28 12:29:50 com\zoho\api\logger\SDKLogger INFO GET - URL = https://www.zohoapis.com/crm/v2/users?type=ActiveUsers&page=1&per_page=1 , headers = {"Authorization":" ## can't disclose ## ","X-ZOHO-SDK":"Windows NT\/10.0\/php-2.0\/7.4.28:4.0.0"} , PARAMS = {"type":"ActiveUsers","page":1,"per_page":1}.
2022-10-28 12:30:49 com\zoho\api\logger\SDKLogger INFO Initialization successful for Email Id : admin@techoft.com in Environment : https://www.zohoapis.com.
2022-10-28 12:30:49 com\zoho\api\logger\SDKLogger INFO GET - URL = https://www.zohoapis.com/crm/v2/users?type=ActiveUsers&page=1&per_page=1 , headers = {"Authorization":" ## can't disclose ## ","X-ZOHO-SDK":"Windows NT\/10.0\/php-2.0\/7.4.28:4.0.0"} , PARAMS = {"type":"ActiveUsers","page":1,"per_page":1}.
2022-10-28 12:31:26 com\zoho\api\logger\SDKLogger INFO Initialization successful for Email Id : admin@techoft.com in Environment : https://www.zohoapis.com.
2022-10-28 12:31:26 com\zoho\api\logger\SDKLogger INFO GET - URL = https://www.zohoapis.com/crm/v2/users?type=ActiveUsers&page=1&per_page=1 , headers = {"Authorization":" ## can't disclose ## ","X-ZOHO-SDK":"Windows NT\/10.0\/php-2.0\/7.4.28:4.0.0"} , PARAMS = {"type":"ActiveUsers","page":1,"per_page":1}.
2022-10-28 12:31:53 com\zoho\api\logger\SDKLogger INFO Initialization successful for Email Id : admin@techoft.com in Environment : https://www.zohoapis.com.
2022-10-28 12:31:53 com\zoho\api\logger\SDKLogger INFO GET - URL = https://www.zohoapis.com/crm/v2/users?type=ActiveUsers&page=1&per_page=1 , headers = {"Authorization":" ## can't disclose ## ","X-ZOHO-SDK":"Windows NT\/10.0\/php-2.0\/7.4.28:4.0.0"} , PARAMS = {"type":"ActiveUsers","page":1,"per_page":1}.
2022-10-28 12:32:37 com\zoho\api\logger\SDKLogger INFO Initialization successful for Email Id : admin@techoft.com in Environment : https://www.zohoapis.com.
2022-10-28 12:32:37 com\zoho\api\logger\SDKLogger INFO GET - URL = https://www.zohoapis.com/crm/v2/users?type=ActiveUsers&page=1&per_page=1 , headers = {"Authorization":" ## can't disclose ## ","X-ZOHO-SDK":"Windows NT\/10.0\/php-2.0\/7.4.28:4.0.0"} , PARAMS = {"type":"ActiveUsers","page":1,"per_page":1}.
2022-10-28 12:33:50 com\zoho\api\logger\SDKLogger INFO Initialization successful for Email Id : admin@techoft.com in Environment : https://www.zohoapis.com.
2022-10-28 12:33:50 com\zoho\api\logger\SDKLogger INFO GET - URL = https://www.zohoapis.com/crm/v2/users?type=ActiveUsers&page=1&per_page=1 , headers = {"Authorization":" ## can't disclose ## ","X-ZOHO-SDK":"Windows NT\/10.0\/php-2.0\/7.4.28:4.0.0"} , PARAMS = {"type":"ActiveUsers","page":1,"per_page":1}.
2022-10-28 12:48:06 com\zoho\api\logger\SDKLogger INFO Initialization successful for Email Id : admin@techoft.com in Environment : https://www.zohoapis.com.
2022-10-28 12:49:10 com\zoho\api\logger\SDKLogger INFO Initialization successful for Email Id : admin@techoft.com in Environment : https://www.zohoapis.com.
2022-10-28 12:49:29 com\zoho\api\logger\SDKLogger INFO Initialization successful for Email Id : admin@techoft.com in Environment : https://www.zohoapis.com.
2022-10-28 12:57:34 com\zoho\api\logger\SDKLogger INFO Initialization successful for Email Id : admin@techoft.com in Environment : https://www.zohoapis.com.
2022-10-28 12:57:49 com\zoho\api\logger\SDKLogger INFO Initialization successful for Email Id : admin@techoft.com in Environment : https://www.zohoapis.com.
2022-10-28 12:57:50 com\zoho\api\logger\SDKLogger INFO GET - URL = https://www.zohoapis.com/crm/v2/users?type=ActiveUsers&page=1&per_page=1 , headers = {"Authorization":" ## can't disclose ## ","X-ZOHO-SDK":"Windows NT\/10.0\/php-2.0\/7.4.28:4.0.0"} , PARAMS = {"type":"ActiveUsers","page":1,"per_page":1}.
2022-10-28 12:59:31 com\zoho\api\logger\SDKLogger INFO Initialization successful for Email Id : admin@techoft.com in Environment : https://www.zohoapis.com.
2022-10-28 12:59:31 com\zoho\api\logger\SDKLogger INFO GET - URL = https://www.zohoapis.com/crm/v2/users?type=ActiveUsers&page=1&per_page=1 , headers = {"Authorization":" ## can't disclose ## ","X-ZOHO-SDK":"Windows NT\/10.0\/php-2.0\/7.4.28:4.0.0"} , PARAMS = {"type":"ActiveUsers","page":1,"per_page":1}.
2022-10-28 13:01:08 com\zoho\api\logger\SDKLogger INFO Initialization successful for Email Id : admin@techoft.com in Environment : https://www.zohoapis.com.
2022-10-28 13:01:08 com\zoho\api\logger\SDKLogger INFO GET - URL = https://www.zohoapis.com/crm/v2/users?type=ActiveUsers&page=1&per_page=1 , headers = {"Authorization":" ## can't disclose ## ","X-ZOHO-SDK":"Windows NT\/10.0\/php-2.0\/7.4.28:4.0.0"} , PARAMS = {"type":"ActiveUsers","page":1,"per_page":1}.
